<?xml version="1.0" encoding="UTF-8"?>
<testsuite xmlns:xsi="http://www.w3.org/2001/XMLSchema-instance" xsi:noNamespaceSchemaLocation="https://maven.apache.org/surefire/maven-surefire-plugin/xsd/surefire-test-report-3.0.xsd" version="3.0" name="org.acme.GreetingResourceTest" time="18.263" tests="1" errors="0" skipped="0" failures="0">
  <properties>
[...]
</properties>
  <testcase name="testHelloEndpoint" classname="org.acme.GreetingResourceTest" time="2.015">
    <system-out><![CDATA[2022-08-14 20:12:20,870 INFO  [org.jbo.threads] (main) JBoss Threads version 3.4.2.Final
2022-08-14 20:12:22,474 INFO  [io.qua.arc.pro.BeanProcessor] (build-48) Found unrecommended usage of private members (use package-private instead) in application beans:
	- @Inject field org.acme.controller.PersonResource#personRepository
2022-08-14 20:12:30,580 INFO  [io.quarkus] (main) code-with-quarkus 1.0.0-SNAPSHOT on JVM (powered by Quarkus 2.11.2.Final) started in 11.127s. Listening on: http://localhost:8081
2022-08-14 20:12:30,584 INFO  [io.quarkus] (main) Profile test activated. 
2022-08-14 20:12:30,584 INFO  [io.quarkus] (main) Installed features: [agroal, cdi, hibernate-orm, hibernate-orm-panache, jdbc-postgresql, narayana-jta, resteasy, resteasy-jackson, smallrye-context-propagation, vertx]
]]></system-out>
  </testcase>
</testsuite>